
[Wed Apr 22 2020 11:19:10 GMT+0300 (Москва, стандартное время)][INFO] : Выход из системы : [INFO MSG] Пользователь admin (Кинеев Алексей) вышел из приложения[Wed Apr 22 2020 11:19:10 GMT+0300 (Москва, стандартное время)][INFO] : Подготовка к запуску : [INFO MSG] Файл app.log успешно создан.
[Wed Apr 22 2020 11:19:10 GMT+0300 (Москва, стандартное время)][INFO] : Подключение к серверу UTM : [INFO MSG] Соединение с сервером UTM5 успешно закрыто
[Wed Apr 22 2020 11:19:11 GMT+0300 (Москва, стандартное время)][INFO] : Завершение работы : [INFO MSG] Приложение корректно завершило работу.
[END OF LOGGING]
[Wed Apr 22 2020 12:32:34 GMT+0300 (Москва, стандартное время)][INFO] : Начало работы : [INFO MSG] Окно приложения успешно инициировано.
[START OF LOGGING]
[Wed Apr 22 2020 12:32:36 GMT+0300 (Москва, стандартное время)][INFO] : Получение конфигурации : [INFO MSG] Конфигурация успешно загружена
[Wed Apr 22 2020 12:32:44 GMT+0300 (Москва, стандартное время)][INFO] : Вход в систему : [INFO MSG] Пользователь admin (Кинеев Алексей) вошел в приложние.
[Wed Apr 22 2020 12:32:46 GMT+0300 (Москва, стандартное время)][INFO] : Подключение к серверу UTM : [INFO MSG] Порт 3306 был успешно проброшен до сервера UTM
[Wed Apr 22 2020 12:32:46 GMT+0300 (Москва, стандартное время)][INFO] : Подключение к базе данных UTM : [INFO MSG] База данных UTM5 готова к использованию
[Wed Apr 22 2020 12:32:46 GMT+0300 (Москва, стандартное время)][INFO] : Подключение к серверу UTM : [INFO MSG] Успешно подключен к серверу UTM5
[Wed Apr 22 2020 12:32:49 GMT+0300 (Москва, стандартное время)][INFO] : Подключение к базе данных UTM : [INFO MSG] Подключение к базе данных UTM активно. Приступаю к получению списка клиентов
[Wed Apr 22 2020 12:32:55 GMT+0300 (Москва, стандартное время)][INFO] : Подключение к базе данных UTM : [INFO MSG] Запрос "getClientsWithSumm" успешно выполнен
[Wed Apr 22 2020 12:42:54 GMT+0300 (Москва, стандартное время)][INFO] : Подключение к базе данных UTM : [INFO MSG] Подключение к базе данных UTM активно. Приступаю к получению списка клиентов
[Wed Apr 22 2020 12:42:55 GMT+0300 (Москва, стандартное время)][INFO] : Подключение к базе данных UTM : [INFO MSG] Запрос "getClientsWithSumm" успешно выполнен
[Wed Apr 22 2020 12:47:06 GMT+0300 (Москва, стандартное время)][INFO] : Выход из системы : [INFO MSG] Пользователь admin (Кинеев Алексей) вышел из приложения
[Wed Apr 22 2020 12:47:06 GMT+0300 (Москва, стандартное время)][INFO] : Подключение к серверу UTM : [INFO MSG] Соединение с сервером UTM5 успешно закрыто.
[Wed Apr 22 2020 12:47:06 GMT+0300 (Москва, стандартное время)][INFO] : Подключение к серверу UTM : [INFO MSG] Соединение с сервером UTM5 успешно закрыто
[Wed Apr 22 2020 12:47:12 GMT+0300 (Москва, стандартное время)][INFO] : Вход в систему : [INFO MSG] Пользователь admin (Кинеев Алексей) вошел в приложние.
[Wed Apr 22 2020 12:47:13 GMT+0300 (Москва, стандартное время)][INFO] : Подключение к серверу UTM : [INFO MSG] Порт 3306 был успешно проброшен до сервера UTM
[Wed Apr 22 2020 12:47:13 GMT+0300 (Москва, стандартное время)][INFO] : Подключение к базе данных UTM : [INFO MSG] База данных UTM5 готова к использованию
[Wed Apr 22 2020 12:47:13 GMT+0300 (Москва, стандартное время)][INFO] : Подключение к серверу UTM : [INFO MSG] Успешно подключен к серверу UTM5
[Wed Apr 22 2020 12:47:17 GMT+0300 (Москва, стандартное время)][INFO] : Подключение к базе данных UTM : [INFO MSG] Подключение к базе данных UTM активно. Приступаю к получению списка клиентов
[Wed Apr 22 2020 12:47:18 GMT+0300 (Москва, стандартное время)][INFO] : Подключение к базе данных UTM : [INFO MSG] Запрос "getClientsWithSumm" успешно выполнен
[Wed Apr 22 2020 12:50:04 GMT+0300 (Москва, стандартное время)][INFO] : Подключение к базе данных UTM : [INFO MSG] Подключение к базе данных UTM активно. Приступаю к получению списка клиентов
[Wed Apr 22 2020 12:50:05 GMT+0300 (Москва, стандартное время)][INFO] : Подключение к базе данных UTM : [INFO MSG] Запрос "getClientsWithSumm" успешно выполнен
[Wed Apr 22 2020 12:50:31 GMT+0300 (Москва, стандартное время)][INFO] : Подключение к базе данных UTM : [INFO MSG] Подключение к базе данных UTM активно. Приступаю к получению списка клиентов
[Wed Apr 22 2020 12:50:32 GMT+0300 (Москва, стандартное время)][INFO] : Подключение к базе данных UTM : [INFO MSG] Запрос "getClientsWithSumm" успешно выполнен
[Wed Apr 22 2020 12:50:51 GMT+0300 (Москва, стандартное время)][INFO] : Подключение к базе данных UTM : [INFO MSG] Подключение к базе данных UTM активно. Приступаю к получению списка клиентов
[Wed Apr 22 2020 12:50:52 GMT+0300 (Москва, стандартное время)][INFO] : Подключение к базе данных UTM : [INFO MSG] Запрос "getClientsWithSumm" успешно выполнен
[Wed Apr 22 2020 12:57:27 GMT+0300 (Москва, стандартное время)][INFO] : Подключение к базе данных UTM : [INFO MSG] Подключение к базе данных UTM активно. Приступаю к получению списка клиентов
[Wed Apr 22 2020 12:57:28 GMT+0300 (Москва, стандартное время)][INFO] : Подключение к базе данных UTM : [INFO MSG] Запрос "getClientsWithSumm" успешно выполнен
[Wed Apr 22 2020 12:58:07 GMT+0300 (Москва, стандартное время)][INFO] : Подключение к базе данных UTM : [INFO MSG] Подключение к базе данных UTM активно. Приступаю к получению списка клиентов
[Wed Apr 22 2020 12:58:08 GMT+0300 (Москва, стандартное время)][INFO] : Подключение к базе данных UTM : [INFO MSG] Запрос "getClientsWithSumm" успешно выполнен
[Wed Apr 22 2020 12:58:13 GMT+0300 (Москва, стандартное время)][INFO] : Подключение к базе данных UTM : [INFO MSG] Подключение к базе данных UTM активно. Приступаю к получению списка клиентов
[Wed Apr 22 2020 12:58:14 GMT+0300 (Москва, стандартное время)][INFO] : Подключение к базе данных UTM : [INFO MSG] Запрос "getClientsWithSumm" успешно выполнен
[Wed Apr 22 2020 12:58:35 GMT+0300 (Москва, стандартное время)][INFO] : Подключение к базе данных UTM : [INFO MSG] Подключение к базе данных UTM активно. Приступаю к получению списка клиентов
[Wed Apr 22 2020 12:58:36 GMT+0300 (Москва, стандартное время)][INFO] : Подключение к базе данных UTM : [INFO MSG] Запрос "getClientsWithSumm" успешно выполнен
[Wed Apr 22 2020 13:01:54 GMT+0300 (Москва, стандартное время)][INFO] : Подключение к базе данных UTM : [INFO MSG] Подключение к базе данных UTM активно. Приступаю к получению списка клиентов
[Wed Apr 22 2020 13:01:55 GMT+0300 (Москва, стандартное время)][INFO] : Подключение к базе данных UTM : [INFO MSG] Запрос "getClientsWithSumm" успешно выполнен
[Wed Apr 22 2020 13:02:23 GMT+0300 (Москва, стандартное время)][INFO] : Подключение к базе данных UTM : [INFO MSG] Подключение к базе данных UTM активно. Приступаю к получению списка клиентов
[Wed Apr 22 2020 13:02:24 GMT+0300 (Москва, стандартное время)][INFO] : Подключение к базе данных UTM : [INFO MSG] Запрос "getClientsWithSumm" успешно выполнен
[Wed Apr 22 2020 13:02:52 GMT+0300 (Москва, стандартное время)][INFO] : Подключение к базе данных UTM : [INFO MSG] Подключение к базе данных UTM активно. Приступаю к получению списка клиентов
[Wed Apr 22 2020 13:02:53 GMT+0300 (Москва, стандартное время)][INFO] : Подключение к базе данных UTM : [INFO MSG] Запрос "getClientsWithSumm" успешно выполнен
[Wed Apr 22 2020 13:03:14 GMT+0300 (Москва, стандартное время)][INFO] : Подключение к базе данных UTM : [INFO MSG] Подключение к базе данных UTM активно. Приступаю к получению списка клиентов
[Wed Apr 22 2020 13:03:15 GMT+0300 (Москва, стандартное время)][INFO] : Подключение к базе данных UTM : [INFO MSG] Запрос "getClientsWithSumm" успешно выполнен
[Wed Apr 22 2020 13:04:56 GMT+0300 (Москва, стандартное время)][INFO] : Подключение к базе данных UTM : [INFO MSG] Подключение к базе данных UTM активно. Приступаю к получению списка клиентов
[Wed Apr 22 2020 13:04:57 GMT+0300 (Москва, стандартное время)][INFO] : Подключение к базе данных UTM : [INFO MSG] Запрос "getClientsWithSumm" успешно выполнен
[Wed Apr 22 2020 13:05:05 GMT+0300 (Москва, стандартное время)][INFO] : Подключение к базе данных UTM : [INFO MSG] Подключение к базе данных UTM активно. Приступаю к получению списка клиентов
[Wed Apr 22 2020 13:05:06 GMT+0300 (Москва, стандартное время)][INFO] : Подключение к базе данных UTM : [INFO MSG] Запрос "getClientsWithSumm" успешно выполнен
[Wed Apr 22 2020 13:06:28 GMT+0300 (Москва, стандартное время)][INFO] : Подключение к базе данных UTM : [INFO MSG] Подключение к базе данных UTM активно. Приступаю к получению списка клиентов
[Wed Apr 22 2020 13:06:29 GMT+0300 (Москва, стандартное время)][INFO] : Подключение к базе данных UTM : [INFO MSG] Запрос "getClientsWithSumm" успешно выполнен
[Wed Apr 22 2020 13:06:48 GMT+0300 (Москва, стандартное время)][INFO] : Подключение к базе данных UTM : [INFO MSG] Подключение к базе данных UTM активно. Приступаю к получению списка клиентов
[Wed Apr 22 2020 13:06:49 GMT+0300 (Москва, стандартное время)][INFO] : Подключение к базе данных UTM : [INFO MSG] Запрос "getClientsWithSumm" успешно выполнен
[Wed Apr 22 2020 13:07:11 GMT+0300 (Москва, стандартное время)][INFO] : Подключение к базе данных UTM : [INFO MSG] Подключение к базе данных UTM активно. Приступаю к получению списка клиентов
[Wed Apr 22 2020 13:07:12 GMT+0300 (Москва, стандартное время)][INFO] : Подключение к базе данных UTM : [INFO MSG] Запрос "getClientsWithSumm" успешно выполнен
[Wed Apr 22 2020 13:10:10 GMT+0300 (Москва, стандартное время)][INFO] : Подключение к базе данных UTM : [INFO MSG] Подключение к базе данных UTM активно. Приступаю к получению списка клиентов
[Wed Apr 22 2020 13:10:11 GMT+0300 (Москва, стандартное время)][INFO] : Подключение к базе данных UTM : [INFO MSG] Запрос "getClientsWithSumm" успешно выполнен
[Wed Apr 22 2020 13:10:19 GMT+0300 (Москва, стандартное время)][INFO] : Подключение к базе данных UTM : [INFO MSG] Подключение к базе данных UTM активно. Приступаю к получению списка клиентов
[Wed Apr 22 2020 13:10:20 GMT+0300 (Москва, стандартное время)][INFO] : Подключение к базе данных UTM : [INFO MSG] Запрос "getClientsWithSumm" успешно выполнен
[Wed Apr 22 2020 13:10:27 GMT+0300 (Москва, стандартное время)][INFO] : Подключение к базе данных UTM : [INFO MSG] Подключение к базе данных UTM активно. Приступаю к получению списка клиентов
[Wed Apr 22 2020 13:10:28 GMT+0300 (Москва, стандартное время)][INFO] : Подключение к базе данных UTM : [INFO MSG] Запрос "getClientsWithSumm" успешно выполнен
[Wed Apr 22 2020 13:10:40 GMT+0300 (Москва, стандартное время)][INFO] : Подключение к базе данных UTM : [INFO MSG] Подключение к базе данных UTM активно. Приступаю к получению списка клиентов
[Wed Apr 22 2020 13:10:41 GMT+0300 (Москва, стандартное время)][INFO] : Подключение к базе данных UTM : [INFO MSG] Запрос "getClientsWithSumm" успешно выполнен
[Wed Apr 22 2020 13:15:56 GMT+0300 (Москва, стандартное время)][INFO] : Подключение к базе данных UTM : [INFO MSG] Подключение к базе данных UTM активно. Приступаю к получению списка клиентов
[Wed Apr 22 2020 13:15:57 GMT+0300 (Москва, стандартное время)][INFO] : Подключение к базе данных UTM : [INFO MSG] Запрос "getClientsWithSumm" успешно выполнен
[Wed Apr 22 2020 13:23:06 GMT+0300 (Москва, стандартное время)][INFO] : Завершение работы : [INFO MSG] Приложение корректно завершило работу.
[END OF LOGGING]